<html xmlns:lxslt="http://xml.apache.org/xslt" xmlns:stringutils="xalan://org.apache.tools.ant.util.StringUtils">
<head>
<META http-equiv="Content-Type" content="text/html; charset=US-ASCII">
<title>Unit Test Results: com.sigma.demo.TestSuites.AdministrationSuite</title>
<link rel="stylesheet" type="text/css" title="Style" href="../../../../stylesheet.css">
<script type="text/javascript" language="JavaScript">
        var TestCases = new Array();
        var cur;
        
    cur = TestCases['com.sigma.demo.TestSuites.AdministrationSuite'] = new Array();
    
        cur['ant.core.lib'] = '/usr/share/ant/lib/ant.jar';
    
        cur['ant.file'] = '/home/sigma/SeleniumWS/DemoStartUp/src/com/sigma/demo/TestSuites/build.xml';
    
        cur['ant.file.AdministrationSuite'] = '/home/sigma/SeleniumWS/DemoStartUp/src/com/sigma/demo/TestSuites/build.xml';
    
        cur['ant.file.Tests'] = '/home/sigma/SeleniumWS/DemoStartUp/build.xml';
    
        cur['ant.home'] = '/usr/share/ant';
    
        cur['ant.java.version'] = '1.6';
    
        cur['ant.library.dir'] = '/usr/share/ant/lib';
    
        cur['ant.project.name'] = 'AdministrationSuite';
    
        cur['ant.version'] = 'Apache Ant version 1.7.1 compiled on September 3 2011';
    
        cur['basedir'] = '/home/sigma/SeleniumWS/DemoStartUp';
    
        cur['build.test'] = '/home/sigma/SeleniumWS/DemoStartUp/build/classes';
    
        cur['build.test.src'] = '/home/sigma/SeleniumWS/DemoStartUp/src';
    
        cur['config'] = '/home/sigma/SeleniumWS/DemoStartUp/config';
    
        cur['file.encoding'] = 'UTF-8';
    
        cur['file.encoding.pkg'] = 'sun.io';
    
        cur['file.separator'] = '/';
    
        cur['java.awt.graphicsenv'] = 'sun.awt.X11GraphicsEnvironment';
    
        cur['java.awt.printerjob'] = 'sun.print.PSPrinterJob';
    
        cur['java.class.path'] = '/usr/share/ant/lib/ant-launcher.jar:/usr/share/java/xmlParserAPIs.jar:/usr/share/java/xercesImpl.jar:/usr/share/ant/lib/ant-apache-oro.jar:/usr/share/ant/lib/ant-apache-regexp.jar:/usr/share/ant/lib/ant-commons-logging.jar:/usr/share/ant/lib/ant-junit.jar:/usr/share/ant/lib/ant-jsch.jar:/usr/share/ant/lib/ant-antlr.jar:/usr/share/ant/lib/ant-launcher.jar:/usr/share/ant/lib/ant-apache-resolver.jar:/usr/share/ant/lib/ant-commons-net.jar:/usr/share/ant/lib/ant-javamail.jar:/usr/share/ant/lib/ant.jar:/usr/share/ant/lib/ant-swing.jar:/usr/share/ant/lib/ant-apache-bcel.jar:/usr/share/ant/lib/ant-apache-log4j.jar:/usr/share/ant/lib/ant-trax.jar:/usr/share/ant/lib/ant-jdepend.jar:/usr/share/ant/lib/ant-nodeps.jar:/usr/share/ant/lib/ant-jmf.jar:/usr/share/ant/lib/ant-apache-bsf.jar:/usr/lib/jvm/java-6-sun-1.6.0.26/lib/tools.jar';
    
        cur['java.class.version'] = '50.0';
    
        cur['java.endorsed.dirs'] = '/usr/lib/jvm/java-6-sun-1.6.0.26/jre/lib/endorsed';
    
        cur['java.ext.dirs'] = '/usr/lib/jvm/java-6-sun-1.6.0.26/jre/lib/ext:/usr/java/packages/lib/ext';
    
        cur['java.home'] = '/usr/lib/jvm/java-6-sun-1.6.0.26/jre';
    
        cur['java.io.tmpdir'] = '/tmp';
    
        cur['java.library.path'] = '/usr/lib/jvm/java-6-sun-1.6.0.26/jre/lib/amd64/server:/usr/lib/jvm/java-6-sun-1.6.0.26/jre/lib/amd64:/usr/lib/jvm/java-6-sun-1.6.0.26/jre/../lib/amd64:/usr/java/packages/lib/amd64:/usr/lib64:/lib64:/lib:/usr/lib';
    
        cur['java.runtime.name'] = 'Java(TM) SE Runtime Environment';
    
        cur['java.runtime.version'] = '1.6.0_26-b03';
    
        cur['java.specification.name'] = 'Java Platform API Specification';
    
        cur['java.specification.vendor'] = 'Sun Microsystems Inc.';
    
        cur['java.specification.version'] = '1.6';
    
        cur['java.vendor'] = 'Sun Microsystems Inc.';
    
        cur['java.vendor.url'] = 'http://java.sun.com/';
    
        cur['java.vendor.url.bug'] = 'http://java.sun.com/cgi-bin/bugreport.cgi';
    
        cur['java.version'] = '1.6.0_26';
    
        cur['java.vm.info'] = 'mixed mode';
    
        cur['java.vm.name'] = 'Java HotSpot(TM) 64-Bit Server VM';
    
        cur['java.vm.specification.name'] = 'Java Virtual Machine Specification';
    
        cur['java.vm.specification.vendor'] = 'Sun Microsystems Inc.';
    
        cur['java.vm.specification.version'] = '1.0';
    
        cur['java.vm.vendor'] = 'Sun Microsystems Inc.';
    
        cur['java.vm.version'] = '20.1-b02';
    
        cur['lib'] = '/home/sigma/SeleniumWS/DemoStartUp/lib';
    
        cur['line.separator'] = ' ';
    
        cur['os.arch'] = 'amd64';
    
        cur['os.name'] = 'Linux';
    
        cur['os.version'] = '3.2.0-24-generic';
    
        cur['path.separator'] = ':';
    
        cur['sun.arch.data.model'] = '64';
    
        cur['sun.boot.class.path'] = '/usr/lib/jvm/java-6-sun-1.6.0.26/jre/lib/resources.jar:/usr/lib/jvm/java-6-sun-1.6.0.26/jre/lib/rt.jar:/usr/lib/jvm/java-6-sun-1.6.0.26/jre/lib/sunrsasign.jar:/usr/lib/jvm/java-6-sun-1.6.0.26/jre/lib/jsse.jar:/usr/lib/jvm/java-6-sun-1.6.0.26/jre/lib/jce.jar:/usr/lib/jvm/java-6-sun-1.6.0.26/jre/lib/charsets.jar:/usr/lib/jvm/java-6-sun-1.6.0.26/jre/lib/modules/jdk.boot.jar:/usr/lib/jvm/java-6-sun-1.6.0.26/jre/classes';
    
        cur['sun.boot.library.path'] = '/usr/lib/jvm/java-6-sun-1.6.0.26/jre/lib/amd64';
    
        cur['sun.cpu.endian'] = 'little';
    
        cur['sun.cpu.isalist'] = '';
    
        cur['sun.desktop'] = 'gnome';
    
        cur['sun.io.unicode.encoding'] = 'UnicodeLittle';
    
        cur['sun.java.command'] = 'org.apache.tools.ant.launch.Launcher -cp  test.integration.testsuites';
    
        cur['sun.java.launcher'] = 'SUN_STANDARD';
    
        cur['sun.jnu.encoding'] = 'UTF-8';
    
        cur['sun.management.compiler'] = 'HotSpot 64-Bit Tiered Compilers';
    
        cur['sun.os.patch.level'] = 'unknown';
    
        cur['test.last'] = '/home/sigma/SeleniumWS/DemoStartUp/results';
    
        cur['testclass'] = 'com.sigma.demo.TestSuites.AdministrationSuite';
    
        cur['user.country'] = 'IN';
    
        cur['user.dir'] = '/home/sigma/SeleniumWS/DemoStartUp/src/com/sigma/demo/TestSuites';
    
        cur['user.home'] = '/home/sigma';
    
        cur['user.language'] = 'en';
    
        cur['user.name'] = 'sigma';
    
        cur['user.timezone'] = '';
    </script><script type="text/javascript" language="JavaScript">
        function displayProperties (name) {
          var win = window.open('','JUnitSystemProperties','scrollbars=1,resizable=1');
          var doc = win.document;
          doc.open();
          doc.write("<html><head><title>Properties of " + name + "</title>");
          doc.write("<style type=\"text/css\">");
          doc.write("body {font:normal 68% verdana,arial,helvetica; color:#000000; }");
          doc.write("table tr td, table tr th { font-size: 68%; }");
          doc.write("table.properties { border-collapse:collapse; border-left:solid 1 #cccccc; border-top:solid 1 #cccccc; padding:5px; }");
          doc.write("table.properties th { text-align:left; border-right:solid 1 #cccccc; border-bottom:solid 1 #cccccc; background-color:#eeeeee; }");
          doc.write("table.properties td { font:normal; text-align:left; border-right:solid 1 #cccccc; border-bottom:solid 1 #cccccc; background-color:#fffffff; }");
          doc.write("h3 { margin-bottom: 0.5em; font: bold 115% verdana,arial,helvetica }");
          doc.write("</style>");
          doc.write("</head><body>");
          doc.write("<h3>Properties of " + name + "</h3>");
          doc.write("<div align=\"right\"><a href=\"javascript:window.close();\">Close</a></div>");
          doc.write("<table class='properties'>");
          doc.write("<tr><th>Name</th><th>Value</th></tr>");
          for (prop in TestCases[name]) {
            doc.write("<tr><th>" + prop + "</th><td>" + TestCases[name][prop] + "</td></tr>");
          }
          doc.write("</table>");
          doc.write("</body></html>");
          doc.close();
          win.focus();
        }
      
      </script>
</head>
<body>
<h1>Unit Test Results.</h1>
<table width="100%">
<tr>
<td align="left"></td><td align="right">Designed for use with <a href="http://www.junit.org/">JUnit</a> and <a href="http://ant.apache.org/">Ant</a>.</td>
</tr>
</table>
<hr size="1">
<h3>Class com.sigma.demo.TestSuites.AdministrationSuite</h3>
<table class="details" border="0" cellpadding="5" cellspacing="2" width="95%">
<tr valign="top">
<th width="80%">Name</th><th>Tests</th><th>Errors</th><th>Failures</th><th nowrap>Time(s)</th><th nowrap>Time Stamp</th><th>Host</th>
</tr>
<tr valign="top" class="Error">
<td><a title="Display all tests" href="0_AdministrationSuite.html">AdministrationSuite</a></td><td><a title="Display all tests" href="0_AdministrationSuite.html">35</a></td><td><a title="Display only errors" href="0_AdministrationSuite-errors.html">2</a></td><td>0</td><td>3494.688</td><td>2013-01-27T17:27:30</td><td>sigma-Vostro-260s</td>
</tr>
</table>
<h2>Tests</h2>
<table class="details" border="0" cellpadding="5" cellspacing="2" width="95%">
<tr valign="top">
<th>Name</th><th>Status</th><th width="80%">Type</th><th nowrap>Time(s)</th>
</tr>
<tr valign="top" class="TableRowColor">
<td><a name="testValidLogin"></a>testValidLogin</td><td>Success</td><td></td><td>10.169</td>
</tr>
<tr valign="top" class="TableRowColor">
<td><a name="testInvalidLoginWithOutUser"></a>testInvalidLoginWithOutUser</td><td>Success</td><td></td><td>5.966</td>
</tr>
<tr valign="top" class="TableRowColor">
<td><a name="testInvalidLoginWithOutPassword"></a>testInvalidLoginWithOutPassword</td><td>Success</td><td></td><td>6.680</td>
</tr>
<tr valign="top" class="TableRowColor">
<td><a name="testInvalidLogin"></a>testInvalidLogin</td><td>Success</td><td></td><td>5.875</td>
</tr>
<tr valign="top" class="TableRowColor">
<td><a name="testPriorApprovalTrainingCenter"></a>testPriorApprovalTrainingCenter</td><td>Success</td><td></td><td>18.476</td>
</tr>
<tr valign="top" class="Error">
<td><a name="testPriorApprovalSubmitAllValues"></a>testPriorApprovalSubmitAllValues</td><td>Error</td><td>Timed out waiting for page load. Command duration or timeout: 1800.02 seconds Build info: version: 'unknown', revision: 'unknown', time: 'unknown' System info: os.name: 'Linux', os.arch: 'amd64', os.version: '3.2.0-24-generic', java.version: '1.6.0_26' Session ID: 938b20e0-d3ce-4014-8d7b-32ea82faf5c1 Driver info: org.openqa.selenium.firefox.FirefoxDriver Capabilities [{platform=LINUX, acceptSslCerts=true, javascriptEnabled=true, browserName=firefox, rotatable=false, locationContextEnabled=true, version=17.0.1, cssSelectorsEnabled=true, databaseEnabled=true, handlesAlerts=true, browserConnectionEnabled=true, nativeEvents=false, webStorageEnabled=true, applicationCacheEnabled=true, takesScreenshot=true}]<br>
<br>
<code>org.openqa.selenium.TimeoutException: Timed out waiting for page load.<br/>Command duration or timeout: 1800.02 seconds<br/>Build info: version: 'unknown', revision: 'unknown', time: 'unknown'<br/>System info: os.name: 'Linux', os.arch: 'amd64', os.version: '3.2.0-24-generic', java.version: '1.6.0_26'<br/>Session ID: 938b20e0-d3ce-4014-8d7b-32ea82faf5c1<br/>Driver info: org.openqa.selenium.firefox.FirefoxDriver<br/>Capabilities [{platform=LINUX, acceptSslCerts=true, javascriptEnabled=true, browserName=firefox, rotatable=false, locationContextEnabled=true, version=17.0.1, cssSelectorsEnabled=true, databaseEnabled=true, handlesAlerts=true, browserConnectionEnabled=true, nativeEvents=false, webStorageEnabled=true, applicationCacheEnabled=true, takesScreenshot=true}]<br/>	at java.lang.reflect.Constructor.newInstance(Constructor.java:513)<br/>	at org.openqa.selenium.remote.ErrorHandler.createThrowable(ErrorHandler.java:187)<br/>	at org.openqa.selenium.remote.ErrorHandler.throwIfResponseFailed(ErrorHandler.java:145)<br/>	at org.openqa.selenium.remote.RemoteWebDriver.execute(RemoteWebDriver.java:533)<br/>	at org.openqa.selenium.remote.RemoteWebElement.execute(RemoteWebElement.java:246)<br/>	at org.openqa.selenium.remote.RemoteWebElement.click(RemoteWebElement.java:79)<br/>	at com.sigma.demo.TestCases.ResourceCenterTest.testPriorApprovalSubmitAllValues(ResourceCenterTest.java:54)<br/>Caused by: org.openqa.selenium.remote.ErrorHandler$UnknownServerException: Timed out waiting for page load.<br/>Build info: version: 'unknown', revision: 'unknown', time: 'unknown'<br/>System info: os.name: 'Linux', os.arch: 'amd64', os.version: '3.2.0-24-generic', java.version: '1.6.0_26'<br/>Driver info: driver.version: unknown<br/>	at <anonymous class>.Utils.installClickListener/e<(file:///tmp/anonymous7857187480391863997webdriver-profile/extensions/fxdriver@googlecode.com/components/command_processor.js:7123)<br/>	at <anonymous class>.WebLoadingListener/e(file:///tmp/anonymous7857187480391863997webdriver-profile/extensions/fxdriver@googlecode.com/components/command_processor.js:3234)<br/>	at <anonymous class>.WebLoadingListener/<(file:///tmp/anonymous7857187480391863997webdriver-profile/extensions/fxdriver@googlecode.com/components/command_processor.js:3241)<br/>	at <anonymous class>.fxdriver.Timer.setTimeout/<.notify(file:///tmp/anonymous7857187480391863997webdriver-profile/extensions/fxdriver@googlecode.com/components/command_processor.js:382)<br/></code></td><td>1847.837</td>
</tr>
<tr valign="top" class="TableRowColor">
<td><a name="testPriorApprovalCancelAll"></a>testPriorApprovalCancelAll</td><td>Success</td><td></td><td>88.328</td>
</tr>
<tr valign="top" class="TableRowColor">
<td><a name="testPriorApprovalSubmitWithOutValues"></a>testPriorApprovalSubmitWithOutValues</td><td>Success</td><td></td><td>48.029</td>
</tr>
<tr valign="top" class="TableRowColor">
<td><a name="testPriorApprovalCancelWithOutValues"></a>testPriorApprovalCancelWithOutValues</td><td>Success</td><td></td><td>87.109</td>
</tr>
<tr valign="top" class="TableRowColor">
<td><a name="testPriorApprovalDealerUserCheck"></a>testPriorApprovalDealerUserCheck</td><td>Success</td><td></td><td>18.363</td>
</tr>
<tr valign="top" class="TableRowColor">
<td><a name="testPriorApprovalRequest"></a>testPriorApprovalRequest</td><td>Success</td><td></td><td>16.269</td>
</tr>
<tr valign="top" class="TableRowColor">
<td><a name="testPriorApprovalRequestPending"></a>testPriorApprovalRequestPending</td><td>Success</td><td></td><td>16.428</td>
</tr>
<tr valign="top" class="TableRowColor">
<td><a name="testPriorApprovalRequestDenied"></a>testPriorApprovalRequestDenied</td><td>Success</td><td></td><td>10.819</td>
</tr>
<tr valign="top" class="TableRowColor">
<td><a name="testPriorApprovalRequestModified"></a>testPriorApprovalRequestModified</td><td>Success</td><td></td><td>10.228</td>
</tr>
<tr valign="top" class="TableRowColor">
<td><a name="testPriorApprovalRequestOnGoingRadioButton"></a>testPriorApprovalRequestOnGoingRadioButton</td><td>Success</td><td></td><td>15.967</td>
</tr>
<tr valign="top" class="TableRowColor">
<td><a name="testRequestPAAllFieldsNull"></a>testRequestPAAllFieldsNull</td><td>Success</td><td></td><td>8.459</td>
</tr>
<tr valign="top" class="TableRowColor">
<td><a name="testPA_DateValidation"></a>testPA_DateValidation</td><td>Success</td><td></td><td>14.678</td>
</tr>
<tr valign="top" class="TableRowColor">
<td><a name="testPA_ContactNameValidation"></a>testPA_ContactNameValidation</td><td>Success</td><td></td><td>14.852</td>
</tr>
<tr valign="top" class="TableRowColor">
<td><a name="testPA_FieldValidationContactPhoneValidation"></a>testPA_FieldValidationContactPhoneValidation</td><td>Success</td><td></td><td>49.018</td>
</tr>
<tr valign="top" class="TableRowColor">
<td><a name="testPA_FieldValidationContactEmailValidation"></a>testPA_FieldValidationContactEmailValidation</td><td>Success</td><td></td><td>42.006</td>
</tr>
<tr valign="top" class="TableRowColor">
<td><a name="testDealerUserStatusSearch"></a>testDealerUserStatusSearch</td><td>Success</td><td></td><td>38.764</td>
</tr>
<tr valign="top" class="Error">
<td><a name="testDealerDetailsManage"></a>testDealerDetailsManage</td><td>Error</td><td>Unable to locate element: {"method":"xpath","selector":".//*[@id='pahistorytable']/tbody/tr[1]/td[9]/a"} Command duration or timeout: 30.06 seconds For documentation on this error, please visit: http://seleniumhq.org/exceptions/no_such_element.html Build info: version: 'unknown', revision: 'unknown', time: 'unknown' System info: os.name: 'Linux', os.arch: 'amd64', os.version: '3.2.0-24-generic', java.version: '1.6.0_26' Session ID: 2baebd79-aa68-4c71-beb5-796e2d4888c2 Driver info: org.openqa.selenium.firefox.FirefoxDriver Capabilities [{platform=LINUX, acceptSslCerts=true, javascriptEnabled=true, browserName=firefox, rotatable=false, locationContextEnabled=true, version=17.0.1, cssSelectorsEnabled=true, databaseEnabled=true, handlesAlerts=true, browserConnectionEnabled=true, nativeEvents=false, webStorageEnabled=true, applicationCacheEnabled=true, takesScreenshot=true}]<br>
<br>
<code>org.openqa.selenium.NoSuchElementException: Unable to locate element: {"method":"xpath","selector":".//*[@id='pahistorytable']/tbody/tr[1]/td[9]/a"}<br/>Command duration or timeout: 30.06 seconds<br/>For documentation on this error, please visit: http://seleniumhq.org/exceptions/no_such_element.html<br/>Build info: version: 'unknown', revision: 'unknown', time: 'unknown'<br/>System info: os.name: 'Linux', os.arch: 'amd64', os.version: '3.2.0-24-generic', java.version: '1.6.0_26'<br/>Session ID: 2baebd79-aa68-4c71-beb5-796e2d4888c2<br/>Driver info: org.openqa.selenium.firefox.FirefoxDriver<br/>Capabilities [{platform=LINUX, acceptSslCerts=true, javascriptEnabled=true, browserName=firefox, rotatable=false, locationContextEnabled=true, version=17.0.1, cssSelectorsEnabled=true, databaseEnabled=true, handlesAlerts=true, browserConnectionEnabled=true, nativeEvents=false, webStorageEnabled=true, applicationCacheEnabled=true, takesScreenshot=true}]<br/>	at java.lang.reflect.Constructor.newInstance(Constructor.java:513)<br/>	at org.openqa.selenium.remote.ErrorHandler.createThrowable(ErrorHandler.java:187)<br/>	at org.openqa.selenium.remote.ErrorHandler.throwIfResponseFailed(ErrorHandler.java:145)<br/>	at org.openqa.selenium.remote.RemoteWebDriver.execute(RemoteWebDriver.java:533)<br/>	at org.openqa.selenium.remote.RemoteWebDriver.findElement(RemoteWebDriver.java:302)<br/>	at org.openqa.selenium.remote.RemoteWebDriver.findElementByXPath(RemoteWebDriver.java:387)<br/>	at org.openqa.selenium.By$ByXPath.findElement(By.java:344)<br/>	at org.openqa.selenium.remote.RemoteWebDriver.findElement(RemoteWebDriver.java:294)<br/>	at com.sigma.demo.TestCases.PriorApprovalTest.testDealerDetailsManage(PriorApprovalTest.java:413)<br/>Caused by: org.openqa.selenium.remote.ErrorHandler$UnknownServerException: Unable to locate element: {"method":"xpath","selector":".//*[@id='pahistorytable']/tbody/tr[1]/td[9]/a"}<br/>Build info: version: 'unknown', revision: 'unknown', time: 'unknown'<br/>System info: os.name: 'Linux', os.arch: 'amd64', os.version: '3.2.0-24-generic', java.version: '1.6.0_26'<br/>Driver info: driver.version: unknown<br/>	at <anonymous class>.FirefoxDriver.findElementInternal_(file:///tmp/anonymous5595394784109450218webdriver-profile/extensions/fxdriver@googlecode.com/components/driver_component.js:8251)<br/>	at <anonymous class>.fxdriver.Timer.setTimeout/<.notify(file:///tmp/anonymous5595394784109450218webdriver-profile/extensions/fxdriver@googlecode.com/components/driver_component.js:382)<br/></code></td><td>68.576</td>
</tr>
<tr valign="top" class="TableRowColor">
<td><a name="testPriorApprovalTrainingCenterTab"></a>testPriorApprovalTrainingCenterTab</td><td>Success</td><td></td><td>7.453</td>
</tr>
<tr valign="top" class="TableRowColor">
<td><a name="testTrainingCenterVideos"></a>testTrainingCenterVideos</td><td>Success</td><td></td><td>143.550</td>
</tr>
<tr valign="top" class="TableRowColor">
<td><a name="testTrainingCenterWebinars"></a>testTrainingCenterWebinars</td><td>Success</td><td></td><td>181.494</td>
</tr>
<tr valign="top" class="TableRowColor">
<td><a name="testTrainingCenterDownloads"></a>testTrainingCenterDownloads</td><td>Success</td><td></td><td>87.846</td>
</tr>
<tr valign="top" class="TableRowColor">
<td><a name="testChangeFileGroupSubName"></a>testChangeFileGroupSubName</td><td>Success</td><td></td><td>48.934</td>
</tr>
<tr valign="top" class="TableRowColor">
<td><a name="testPolicyGuidelines"></a>testPolicyGuidelines</td><td>Success</td><td></td><td>33.579</td>
</tr>
<tr valign="top" class="TableRowColor">
<td><a name="testPolicyGuideLineWithoutValuesCancel"></a>testPolicyGuideLineWithoutValuesCancel</td><td>Success</td><td></td><td>84.282</td>
</tr>
<tr valign="top" class="TableRowColor">
<td><a name="testPolicyGuideLineWithoutValueSubmit"></a>testPolicyGuideLineWithoutValueSubmit</td><td>Success</td><td></td><td>45.898</td>
</tr>
<tr valign="top" class="TableRowColor">
<td><a name="testPolicyGuideLineFileTitle"></a>testPolicyGuideLineFileTitle</td><td>Success</td><td></td><td>107.050</td>
</tr>
<tr valign="top" class="TableRowColor">
<td><a name="testPolicyGuideLineThumbNail"></a>testPolicyGuideLineThumbNail</td><td>Success</td><td></td><td>46.382</td>
</tr>
<tr valign="top" class="TableRowColor">
<td><a name="testPolicyGuideLineUploadUrl"></a>testPolicyGuideLineUploadUrl</td><td>Success</td><td></td><td>88.241</td>
</tr>
<tr valign="top" class="TableRowColor">
<td><a name="testPolicyGuideLineUploadFile"></a>testPolicyGuideLineUploadFile</td><td>Success</td><td></td><td>89.031</td>
</tr>
<tr valign="top" class="TableRowColor">
<td><a name="testPolicyGuidelinesAllFieldsNull"></a>testPolicyGuidelinesAllFieldsNull</td><td>Success</td><td></td><td>87.930</td>
</tr>
</table>
<div class="Properties">
<a href="javascript:displayProperties('com.sigma.demo.TestSuites.AdministrationSuite');">
                    Properties &raquo;
                </a>
</div>
<div class="Properties">
<a href="./0_AdministrationSuite-out.txt">
                        System.out &raquo;
                    </a>
</div>
<div class="Properties">
<a href="./0_AdministrationSuite-err.txt">
                        System.err &raquo;
                    </a>
</div>
</body>
</html>
