<html xmlns:lxslt="http://xml.apache.org/xslt" xmlns:stringutils="xalan://org.apache.tools.ant.util.StringUtils">
<head>
<META http-equiv="Content-Type" content="text/html; charset=US-ASCII">
<title>Unit Test Results: All Tests</title>
<link rel="stylesheet" type="text/css" title="Style" href="stylesheet.css">
</head>
<body onload="open('allclasses-frame.html','classListFrame')">
<h1>Unit Test Results.</h1>
<table width="100%">
<tr>
<td align="left"></td><td align="right">Designed for use with <a href="http://www.junit.org/">JUnit</a> and <a href="http://ant.apache.org/">Ant</a>.</td>
</tr>
</table>
<hr size="1">
<h2>All Tests</h2>
<table class="details" border="0" cellpadding="5" cellspacing="2" width="95%">
<tr valign="top">
<th>Class</th><th>Name</th><th>Status</th><th width="80%">Type</th><th nowrap>Time(s)</th>
</tr>
<tr valign="top" class="TableRowColor">
<td><a href="com/sigma/demo/TestSuites/0_AdministrationSuite.html">AdministrationSuite</a></td><td><a name="testValidLogin"></a><a href="com/sigma/demo/TestSuites/0_AdministrationSuite.html#testValidLogin">testValidLogin</a></td><td>Success</td><td></td><td>10.169</td>
</tr>
<tr valign="top" class="TableRowColor">
<td><a href="com/sigma/demo/TestSuites/0_AdministrationSuite.html">AdministrationSuite</a></td><td><a name="testInvalidLoginWithOutUser"></a><a href="com/sigma/demo/TestSuites/0_AdministrationSuite.html#testInvalidLoginWithOutUser">testInvalidLoginWithOutUser</a></td><td>Success</td><td></td><td>5.966</td>
</tr>
<tr valign="top" class="TableRowColor">
<td><a href="com/sigma/demo/TestSuites/0_AdministrationSuite.html">AdministrationSuite</a></td><td><a name="testInvalidLoginWithOutPassword"></a><a href="com/sigma/demo/TestSuites/0_AdministrationSuite.html#testInvalidLoginWithOutPassword">testInvalidLoginWithOutPassword</a></td><td>Success</td><td></td><td>6.680</td>
</tr>
<tr valign="top" class="TableRowColor">
<td><a href="com/sigma/demo/TestSuites/0_AdministrationSuite.html">AdministrationSuite</a></td><td><a name="testInvalidLogin"></a><a href="com/sigma/demo/TestSuites/0_AdministrationSuite.html#testInvalidLogin">testInvalidLogin</a></td><td>Success</td><td></td><td>5.875</td>
</tr>
<tr valign="top" class="TableRowColor">
<td><a href="com/sigma/demo/TestSuites/0_AdministrationSuite.html">AdministrationSuite</a></td><td><a name="testPriorApprovalTrainingCenter"></a><a href="com/sigma/demo/TestSuites/0_AdministrationSuite.html#testPriorApprovalTrainingCenter">testPriorApprovalTrainingCenter</a></td><td>Success</td><td></td><td>18.476</td>
</tr>
<tr valign="top" class="Error">
<td><a href="com/sigma/demo/TestSuites/0_AdministrationSuite.html">AdministrationSuite</a></td><td><a name="testPriorApprovalSubmitAllValues"></a><a href="com/sigma/demo/TestSuites/0_AdministrationSuite.html#testPriorApprovalSubmitAllValues">testPriorApprovalSubmitAllValues</a></td><td>Error</td><td>Timed out waiting for page load. Command duration or timeout: 1800.02 seconds Build info: version: 'unknown', revision: 'unknown', time: 'unknown' System info: os.name: 'Linux', os.arch: 'amd64', os.version: '3.2.0-24-generic', java.version: '1.6.0_26' Session ID: 938b20e0-d3ce-4014-8d7b-32ea82faf5c1 Driver info: org.openqa.selenium.firefox.FirefoxDriver Capabilities [{platform=LINUX, acceptSslCerts=true, javascriptEnabled=true, browserName=firefox, rotatable=false, locationContextEnabled=true, version=17.0.1, cssSelectorsEnabled=true, databaseEnabled=true, handlesAlerts=true, browserConnectionEnabled=true, nativeEvents=false, webStorageEnabled=true, applicationCacheEnabled=true, takesScreenshot=true}]<br>
<br>
<code>org.openqa.selenium.TimeoutException: Timed out waiting for page load.<br/>Command duration or timeout: 1800.02 seconds<br/>Build info: version: 'unknown', revision: 'unknown', time: 'unknown'<br/>System info: os.name: 'Linux', os.arch: 'amd64', os.version: '3.2.0-24-generic', java.version: '1.6.0_26'<br/>Session ID: 938b20e0-d3ce-4014-8d7b-32ea82faf5c1<br/>Driver info: org.openqa.selenium.firefox.FirefoxDriver<br/>Capabilities [{platform=LINUX, acceptSslCerts=true, javascriptEnabled=true, browserName=firefox, rotatable=false, locationContextEnabled=true, version=17.0.1, cssSelectorsEnabled=true, databaseEnabled=true, handlesAlerts=true, browserConnectionEnabled=true, nativeEvents=false, webStorageEnabled=true, applicationCacheEnabled=true, takesScreenshot=true}]<br/>	at java.lang.reflect.Constructor.newInstance(Constructor.java:513)<br/>	at org.openqa.selenium.remote.ErrorHandler.createThrowable(ErrorHandler.java:187)<br/>	at org.openqa.selenium.remote.ErrorHandler.throwIfResponseFailed(ErrorHandler.java:145)<br/>	at org.openqa.selenium.remote.RemoteWebDriver.execute(RemoteWebDriver.java:533)<br/>	at org.openqa.selenium.remote.RemoteWebElement.execute(RemoteWebElement.java:246)<br/>	at org.openqa.selenium.remote.RemoteWebElement.click(RemoteWebElement.java:79)<br/>	at com.sigma.demo.TestCases.ResourceCenterTest.testPriorApprovalSubmitAllValues(ResourceCenterTest.java:54)<br/>Caused by: org.openqa.selenium.remote.ErrorHandler$UnknownServerException: Timed out waiting for page load.<br/>Build info: version: 'unknown', revision: 'unknown', time: 'unknown'<br/>System info: os.name: 'Linux', os.arch: 'amd64', os.version: '3.2.0-24-generic', java.version: '1.6.0_26'<br/>Driver info: driver.version: unknown<br/>	at <anonymous class>.Utils.installClickListener/e<(file:///tmp/anonymous7857187480391863997webdriver-profile/extensions/fxdriver@googlecode.com/components/command_processor.js:7123)<br/>	at <anonymous class>.WebLoadingListener/e(file:///tmp/anonymous7857187480391863997webdriver-profile/extensions/fxdriver@googlecode.com/components/command_processor.js:3234)<br/>	at <anonymous class>.WebLoadingListener/<(file:///tmp/anonymous7857187480391863997webdriver-profile/extensions/fxdriver@googlecode.com/components/command_processor.js:3241)<br/>	at <anonymous class>.fxdriver.Timer.setTimeout/<.notify(file:///tmp/anonymous7857187480391863997webdriver-profile/extensions/fxdriver@googlecode.com/components/command_processor.js:382)<br/></code></td><td>1847.837</td>
</tr>
<tr valign="top" class="TableRowColor">
<td><a href="com/sigma/demo/TestSuites/0_AdministrationSuite.html">AdministrationSuite</a></td><td><a name="testPriorApprovalCancelAll"></a><a href="com/sigma/demo/TestSuites/0_AdministrationSuite.html#testPriorApprovalCancelAll">testPriorApprovalCancelAll</a></td><td>Success</td><td></td><td>88.328</td>
</tr>
<tr valign="top" class="TableRowColor">
<td><a href="com/sigma/demo/TestSuites/0_AdministrationSuite.html">AdministrationSuite</a></td><td><a name="testPriorApprovalSubmitWithOutValues"></a><a href="com/sigma/demo/TestSuites/0_AdministrationSuite.html#testPriorApprovalSubmitWithOutValues">testPriorApprovalSubmitWithOutValues</a></td><td>Success</td><td></td><td>48.029</td>
</tr>
<tr valign="top" class="TableRowColor">
<td><a href="com/sigma/demo/TestSuites/0_AdministrationSuite.html">AdministrationSuite</a></td><td><a name="testPriorApprovalCancelWithOutValues"></a><a href="com/sigma/demo/TestSuites/0_AdministrationSuite.html#testPriorApprovalCancelWithOutValues">testPriorApprovalCancelWithOutValues</a></td><td>Success</td><td></td><td>87.109</td>
</tr>
<tr valign="top" class="TableRowColor">
<td><a href="com/sigma/demo/TestSuites/0_AdministrationSuite.html">AdministrationSuite</a></td><td><a name="testPriorApprovalDealerUserCheck"></a><a href="com/sigma/demo/TestSuites/0_AdministrationSuite.html#testPriorApprovalDealerUserCheck">testPriorApprovalDealerUserCheck</a></td><td>Success</td><td></td><td>18.363</td>
</tr>
<tr valign="top" class="TableRowColor">
<td><a href="com/sigma/demo/TestSuites/0_AdministrationSuite.html">AdministrationSuite</a></td><td><a name="testPriorApprovalRequest"></a><a href="com/sigma/demo/TestSuites/0_AdministrationSuite.html#testPriorApprovalRequest">testPriorApprovalRequest</a></td><td>Success</td><td></td><td>16.269</td>
</tr>
<tr valign="top" class="TableRowColor">
<td><a href="com/sigma/demo/TestSuites/0_AdministrationSuite.html">AdministrationSuite</a></td><td><a name="testPriorApprovalRequestPending"></a><a href="com/sigma/demo/TestSuites/0_AdministrationSuite.html#testPriorApprovalRequestPending">testPriorApprovalRequestPending</a></td><td>Success</td><td></td><td>16.428</td>
</tr>
<tr valign="top" class="TableRowColor">
<td><a href="com/sigma/demo/TestSuites/0_AdministrationSuite.html">AdministrationSuite</a></td><td><a name="testPriorApprovalRequestDenied"></a><a href="com/sigma/demo/TestSuites/0_AdministrationSuite.html#testPriorApprovalRequestDenied">testPriorApprovalRequestDenied</a></td><td>Success</td><td></td><td>10.819</td>
</tr>
<tr valign="top" class="TableRowColor">
<td><a href="com/sigma/demo/TestSuites/0_AdministrationSuite.html">AdministrationSuite</a></td><td><a name="testPriorApprovalRequestModified"></a><a href="com/sigma/demo/TestSuites/0_AdministrationSuite.html#testPriorApprovalRequestModified">testPriorApprovalRequestModified</a></td><td>Success</td><td></td><td>10.228</td>
</tr>
<tr valign="top" class="TableRowColor">
<td><a href="com/sigma/demo/TestSuites/0_AdministrationSuite.html">AdministrationSuite</a></td><td><a name="testPriorApprovalRequestOnGoingRadioButton"></a><a href="com/sigma/demo/TestSuites/0_AdministrationSuite.html#testPriorApprovalRequestOnGoingRadioButton">testPriorApprovalRequestOnGoingRadioButton</a></td><td>Success</td><td></td><td>15.967</td>
</tr>
<tr valign="top" class="TableRowColor">
<td><a href="com/sigma/demo/TestSuites/0_AdministrationSuite.html">AdministrationSuite</a></td><td><a name="testRequestPAAllFieldsNull"></a><a href="com/sigma/demo/TestSuites/0_AdministrationSuite.html#testRequestPAAllFieldsNull">testRequestPAAllFieldsNull</a></td><td>Success</td><td></td><td>8.459</td>
</tr>
<tr valign="top" class="TableRowColor">
<td><a href="com/sigma/demo/TestSuites/0_AdministrationSuite.html">AdministrationSuite</a></td><td><a name="testPA_DateValidation"></a><a href="com/sigma/demo/TestSuites/0_AdministrationSuite.html#testPA_DateValidation">testPA_DateValidation</a></td><td>Success</td><td></td><td>14.678</td>
</tr>
<tr valign="top" class="TableRowColor">
<td><a href="com/sigma/demo/TestSuites/0_AdministrationSuite.html">AdministrationSuite</a></td><td><a name="testPA_ContactNameValidation"></a><a href="com/sigma/demo/TestSuites/0_AdministrationSuite.html#testPA_ContactNameValidation">testPA_ContactNameValidation</a></td><td>Success</td><td></td><td>14.852</td>
</tr>
<tr valign="top" class="TableRowColor">
<td><a href="com/sigma/demo/TestSuites/0_AdministrationSuite.html">AdministrationSuite</a></td><td><a name="testPA_FieldValidationContactPhoneValidation"></a><a href="com/sigma/demo/TestSuites/0_AdministrationSuite.html#testPA_FieldValidationContactPhoneValidation">testPA_FieldValidationContactPhoneValidation</a></td><td>Success</td><td></td><td>49.018</td>
</tr>
<tr valign="top" class="TableRowColor">
<td><a href="com/sigma/demo/TestSuites/0_AdministrationSuite.html">AdministrationSuite</a></td><td><a name="testPA_FieldValidationContactEmailValidation"></a><a href="com/sigma/demo/TestSuites/0_AdministrationSuite.html#testPA_FieldValidationContactEmailValidation">testPA_FieldValidationContactEmailValidation</a></td><td>Success</td><td></td><td>42.006</td>
</tr>
<tr valign="top" class="TableRowColor">
<td><a href="com/sigma/demo/TestSuites/0_AdministrationSuite.html">AdministrationSuite</a></td><td><a name="testDealerUserStatusSearch"></a><a href="com/sigma/demo/TestSuites/0_AdministrationSuite.html#testDealerUserStatusSearch">testDealerUserStatusSearch</a></td><td>Success</td><td></td><td>38.764</td>
</tr>
<tr valign="top" class="Error">
<td><a href="com/sigma/demo/TestSuites/0_AdministrationSuite.html">AdministrationSuite</a></td><td><a name="testDealerDetailsManage"></a><a href="com/sigma/demo/TestSuites/0_AdministrationSuite.html#testDealerDetailsManage">testDealerDetailsManage</a></td><td>Error</td><td>Unable to locate element: {"method":"xpath","selector":".//*[@id='pahistorytable']/tbody/tr[1]/td[9]/a"} Command duration or timeout: 30.06 seconds For documentation on this error, please visit: http://seleniumhq.org/exceptions/no_such_element.html Build info: version: 'unknown', revision: 'unknown', time: 'unknown' System info: os.name: 'Linux', os.arch: 'amd64', os.version: '3.2.0-24-generic', java.version: '1.6.0_26' Session ID: 2baebd79-aa68-4c71-beb5-796e2d4888c2 Driver info: org.openqa.selenium.firefox.FirefoxDriver Capabilities [{platform=LINUX, acceptSslCerts=true, javascriptEnabled=true, browserName=firefox, rotatable=false, locationContextEnabled=true, version=17.0.1, cssSelectorsEnabled=true, databaseEnabled=true, handlesAlerts=true, browserConnectionEnabled=true, nativeEvents=false, webStorageEnabled=true, applicationCacheEnabled=true, takesScreenshot=true}]<br>
<br>
<code>org.openqa.selenium.NoSuchElementException: Unable to locate element: {"method":"xpath","selector":".//*[@id='pahistorytable']/tbody/tr[1]/td[9]/a"}<br/>Command duration or timeout: 30.06 seconds<br/>For documentation on this error, please visit: http://seleniumhq.org/exceptions/no_such_element.html<br/>Build info: version: 'unknown', revision: 'unknown', time: 'unknown'<br/>System info: os.name: 'Linux', os.arch: 'amd64', os.version: '3.2.0-24-generic', java.version: '1.6.0_26'<br/>Session ID: 2baebd79-aa68-4c71-beb5-796e2d4888c2<br/>Driver info: org.openqa.selenium.firefox.FirefoxDriver<br/>Capabilities [{platform=LINUX, acceptSslCerts=true, javascriptEnabled=true, browserName=firefox, rotatable=false, locationContextEnabled=true, version=17.0.1, cssSelectorsEnabled=true, databaseEnabled=true, handlesAlerts=true, browserConnectionEnabled=true, nativeEvents=false, webStorageEnabled=true, applicationCacheEnabled=true, takesScreenshot=true}]<br/>	at java.lang.reflect.Constructor.newInstance(Constructor.java:513)<br/>	at org.openqa.selenium.remote.ErrorHandler.createThrowable(ErrorHandler.java:187)<br/>	at org.openqa.selenium.remote.ErrorHandler.throwIfResponseFailed(ErrorHandler.java:145)<br/>	at org.openqa.selenium.remote.RemoteWebDriver.execute(RemoteWebDriver.java:533)<br/>	at org.openqa.selenium.remote.RemoteWebDriver.findElement(RemoteWebDriver.java:302)<br/>	at org.openqa.selenium.remote.RemoteWebDriver.findElementByXPath(RemoteWebDriver.java:387)<br/>	at org.openqa.selenium.By$ByXPath.findElement(By.java:344)<br/>	at org.openqa.selenium.remote.RemoteWebDriver.findElement(RemoteWebDriver.java:294)<br/>	at com.sigma.demo.TestCases.PriorApprovalTest.testDealerDetailsManage(PriorApprovalTest.java:413)<br/>Caused by: org.openqa.selenium.remote.ErrorHandler$UnknownServerException: Unable to locate element: {"method":"xpath","selector":".//*[@id='pahistorytable']/tbody/tr[1]/td[9]/a"}<br/>Build info: version: 'unknown', revision: 'unknown', time: 'unknown'<br/>System info: os.name: 'Linux', os.arch: 'amd64', os.version: '3.2.0-24-generic', java.version: '1.6.0_26'<br/>Driver info: driver.version: unknown<br/>	at <anonymous class>.FirefoxDriver.findElementInternal_(file:///tmp/anonymous5595394784109450218webdriver-profile/extensions/fxdriver@googlecode.com/components/driver_component.js:8251)<br/>	at <anonymous class>.fxdriver.Timer.setTimeout/<.notify(file:///tmp/anonymous5595394784109450218webdriver-profile/extensions/fxdriver@googlecode.com/components/driver_component.js:382)<br/></code></td><td>68.576</td>
</tr>
<tr valign="top" class="TableRowColor">
<td><a href="com/sigma/demo/TestSuites/0_AdministrationSuite.html">AdministrationSuite</a></td><td><a name="testPriorApprovalTrainingCenterTab"></a><a href="com/sigma/demo/TestSuites/0_AdministrationSuite.html#testPriorApprovalTrainingCenterTab">testPriorApprovalTrainingCenterTab</a></td><td>Success</td><td></td><td>7.453</td>
</tr>
<tr valign="top" class="TableRowColor">
<td><a href="com/sigma/demo/TestSuites/0_AdministrationSuite.html">AdministrationSuite</a></td><td><a name="testTrainingCenterVideos"></a><a href="com/sigma/demo/TestSuites/0_AdministrationSuite.html#testTrainingCenterVideos">testTrainingCenterVideos</a></td><td>Success</td><td></td><td>143.550</td>
</tr>
<tr valign="top" class="TableRowColor">
<td><a href="com/sigma/demo/TestSuites/0_AdministrationSuite.html">AdministrationSuite</a></td><td><a name="testTrainingCenterWebinars"></a><a href="com/sigma/demo/TestSuites/0_AdministrationSuite.html#testTrainingCenterWebinars">testTrainingCenterWebinars</a></td><td>Success</td><td></td><td>181.494</td>
</tr>
<tr valign="top" class="TableRowColor">
<td><a href="com/sigma/demo/TestSuites/0_AdministrationSuite.html">AdministrationSuite</a></td><td><a name="testTrainingCenterDownloads"></a><a href="com/sigma/demo/TestSuites/0_AdministrationSuite.html#testTrainingCenterDownloads">testTrainingCenterDownloads</a></td><td>Success</td><td></td><td>87.846</td>
</tr>
<tr valign="top" class="TableRowColor">
<td><a href="com/sigma/demo/TestSuites/0_AdministrationSuite.html">AdministrationSuite</a></td><td><a name="testChangeFileGroupSubName"></a><a href="com/sigma/demo/TestSuites/0_AdministrationSuite.html#testChangeFileGroupSubName">testChangeFileGroupSubName</a></td><td>Success</td><td></td><td>48.934</td>
</tr>
<tr valign="top" class="TableRowColor">
<td><a href="com/sigma/demo/TestSuites/0_AdministrationSuite.html">AdministrationSuite</a></td><td><a name="testPolicyGuidelines"></a><a href="com/sigma/demo/TestSuites/0_AdministrationSuite.html#testPolicyGuidelines">testPolicyGuidelines</a></td><td>Success</td><td></td><td>33.579</td>
</tr>
<tr valign="top" class="TableRowColor">
<td><a href="com/sigma/demo/TestSuites/0_AdministrationSuite.html">AdministrationSuite</a></td><td><a name="testPolicyGuideLineWithoutValuesCancel"></a><a href="com/sigma/demo/TestSuites/0_AdministrationSuite.html#testPolicyGuideLineWithoutValuesCancel">testPolicyGuideLineWithoutValuesCancel</a></td><td>Success</td><td></td><td>84.282</td>
</tr>
<tr valign="top" class="TableRowColor">
<td><a href="com/sigma/demo/TestSuites/0_AdministrationSuite.html">AdministrationSuite</a></td><td><a name="testPolicyGuideLineWithoutValueSubmit"></a><a href="com/sigma/demo/TestSuites/0_AdministrationSuite.html#testPolicyGuideLineWithoutValueSubmit">testPolicyGuideLineWithoutValueSubmit</a></td><td>Success</td><td></td><td>45.898</td>
</tr>
<tr valign="top" class="TableRowColor">
<td><a href="com/sigma/demo/TestSuites/0_AdministrationSuite.html">AdministrationSuite</a></td><td><a name="testPolicyGuideLineFileTitle"></a><a href="com/sigma/demo/TestSuites/0_AdministrationSuite.html#testPolicyGuideLineFileTitle">testPolicyGuideLineFileTitle</a></td><td>Success</td><td></td><td>107.050</td>
</tr>
<tr valign="top" class="TableRowColor">
<td><a href="com/sigma/demo/TestSuites/0_AdministrationSuite.html">AdministrationSuite</a></td><td><a name="testPolicyGuideLineThumbNail"></a><a href="com/sigma/demo/TestSuites/0_AdministrationSuite.html#testPolicyGuideLineThumbNail">testPolicyGuideLineThumbNail</a></td><td>Success</td><td></td><td>46.382</td>
</tr>
<tr valign="top" class="TableRowColor">
<td><a href="com/sigma/demo/TestSuites/0_AdministrationSuite.html">AdministrationSuite</a></td><td><a name="testPolicyGuideLineUploadUrl"></a><a href="com/sigma/demo/TestSuites/0_AdministrationSuite.html#testPolicyGuideLineUploadUrl">testPolicyGuideLineUploadUrl</a></td><td>Success</td><td></td><td>88.241</td>
</tr>
<tr valign="top" class="TableRowColor">
<td><a href="com/sigma/demo/TestSuites/0_AdministrationSuite.html">AdministrationSuite</a></td><td><a name="testPolicyGuideLineUploadFile"></a><a href="com/sigma/demo/TestSuites/0_AdministrationSuite.html#testPolicyGuideLineUploadFile">testPolicyGuideLineUploadFile</a></td><td>Success</td><td></td><td>89.031</td>
</tr>
<tr valign="top" class="TableRowColor">
<td><a href="com/sigma/demo/TestSuites/0_AdministrationSuite.html">AdministrationSuite</a></td><td><a name="testPolicyGuidelinesAllFieldsNull"></a><a href="com/sigma/demo/TestSuites/0_AdministrationSuite.html#testPolicyGuidelinesAllFieldsNull">testPolicyGuidelinesAllFieldsNull</a></td><td>Success</td><td></td><td>87.930</td>
</tr>
</table>
</body>
</html>
