<html xmlns:lxslt="http://xml.apache.org/xslt" xmlns:stringutils="xalan://org.apache.tools.ant.util.StringUtils">
<head>
<META http-equiv="Content-Type" content="text/html; charset=US-ASCII">
<title>Unit Test Results: All Errors</title>
<link rel="stylesheet" type="text/css" title="Style" href="stylesheet.css">
</head>
<body onload="open('allclasses-frame.html','classListFrame')">
<h1>Unit Test Results.</h1>
<table width="100%">
<tr>
<td align="left"></td><td align="right">Designed for use with <a href="http://www.junit.org/">JUnit</a> and <a href="http://ant.apache.org/">Ant</a>.</td>
</tr>
</table>
<hr size="1">
<h2>All Errors</h2>
<table class="details" border="0" cellpadding="5" cellspacing="2" width="95%">
<tr valign="top">
<th>Class</th><th>Name</th><th>Status</th><th width="80%">Type</th><th nowrap>Time(s)</th>
</tr>
<tr valign="top" class="Error">
<td><a href="com/sigma/demo/TestSuites/0_AdministrationSuite.html">AdministrationSuite</a></td><td><a name="testPriorApprovalSubmitAllValues"></a><a href="com/sigma/demo/TestSuites/0_AdministrationSuite.html#testPriorApprovalSubmitAllValues">testPriorApprovalSubmitAllValues</a></td><td>Error</td><td>Timed out waiting for page load. Command duration or timeout: 1800.02 seconds Build info: version: 'unknown', revision: 'unknown', time: 'unknown' System info: os.name: 'Linux', os.arch: 'amd64', os.version: '3.2.0-24-generic', java.version: '1.6.0_26' Session ID: 938b20e0-d3ce-4014-8d7b-32ea82faf5c1 Driver info: org.openqa.selenium.firefox.FirefoxDriver Capabilities [{platform=LINUX, acceptSslCerts=true, javascriptEnabled=true, browserName=firefox, rotatable=false, locationContextEnabled=true, version=17.0.1, cssSelectorsEnabled=true, databaseEnabled=true, handlesAlerts=true, browserConnectionEnabled=true, nativeEvents=false, webStorageEnabled=true, applicationCacheEnabled=true, takesScreenshot=true}]<br>
<br>
<code>org.openqa.selenium.TimeoutException: Timed out waiting for page load.<br/>Command duration or timeout: 1800.02 seconds<br/>Build info: version: 'unknown', revision: 'unknown', time: 'unknown'<br/>System info: os.name: 'Linux', os.arch: 'amd64', os.version: '3.2.0-24-generic', java.version: '1.6.0_26'<br/>Session ID: 938b20e0-d3ce-4014-8d7b-32ea82faf5c1<br/>Driver info: org.openqa.selenium.firefox.FirefoxDriver<br/>Capabilities [{platform=LINUX, acceptSslCerts=true, javascriptEnabled=true, browserName=firefox, rotatable=false, locationContextEnabled=true, version=17.0.1, cssSelectorsEnabled=true, databaseEnabled=true, handlesAlerts=true, browserConnectionEnabled=true, nativeEvents=false, webStorageEnabled=true, applicationCacheEnabled=true, takesScreenshot=true}]<br/>	at java.lang.reflect.Constructor.newInstance(Constructor.java:513)<br/>	at org.openqa.selenium.remote.ErrorHandler.createThrowable(ErrorHandler.java:187)<br/>	at org.openqa.selenium.remote.ErrorHandler.throwIfResponseFailed(ErrorHandler.java:145)<br/>	at org.openqa.selenium.remote.RemoteWebDriver.execute(RemoteWebDriver.java:533)<br/>	at org.openqa.selenium.remote.RemoteWebElement.execute(RemoteWebElement.java:246)<br/>	at org.openqa.selenium.remote.RemoteWebElement.click(RemoteWebElement.java:79)<br/>	at com.sigma.demo.TestCases.ResourceCenterTest.testPriorApprovalSubmitAllValues(ResourceCenterTest.java:54)<br/>Caused by: org.openqa.selenium.remote.ErrorHandler$UnknownServerException: Timed out waiting for page load.<br/>Build info: version: 'unknown', revision: 'unknown', time: 'unknown'<br/>System info: os.name: 'Linux', os.arch: 'amd64', os.version: '3.2.0-24-generic', java.version: '1.6.0_26'<br/>Driver info: driver.version: unknown<br/>	at <anonymous class>.Utils.installClickListener/e<(file:///tmp/anonymous7857187480391863997webdriver-profile/extensions/fxdriver@googlecode.com/components/command_processor.js:7123)<br/>	at <anonymous class>.WebLoadingListener/e(file:///tmp/anonymous7857187480391863997webdriver-profile/extensions/fxdriver@googlecode.com/components/command_processor.js:3234)<br/>	at <anonymous class>.WebLoadingListener/<(file:///tmp/anonymous7857187480391863997webdriver-profile/extensions/fxdriver@googlecode.com/components/command_processor.js:3241)<br/>	at <anonymous class>.fxdriver.Timer.setTimeout/<.notify(file:///tmp/anonymous7857187480391863997webdriver-profile/extensions/fxdriver@googlecode.com/components/command_processor.js:382)<br/></code></td><td>1847.837</td>
</tr>
<tr valign="top" class="Error">
<td><a href="com/sigma/demo/TestSuites/0_AdministrationSuite.html">AdministrationSuite</a></td><td><a name="testDealerDetailsManage"></a><a href="com/sigma/demo/TestSuites/0_AdministrationSuite.html#testDealerDetailsManage">testDealerDetailsManage</a></td><td>Error</td><td>Unable to locate element: {"method":"xpath","selector":".//*[@id='pahistorytable']/tbody/tr[1]/td[9]/a"} Command duration or timeout: 30.06 seconds For documentation on this error, please visit: http://seleniumhq.org/exceptions/no_such_element.html Build info: version: 'unknown', revision: 'unknown', time: 'unknown' System info: os.name: 'Linux', os.arch: 'amd64', os.version: '3.2.0-24-generic', java.version: '1.6.0_26' Session ID: 2baebd79-aa68-4c71-beb5-796e2d4888c2 Driver info: org.openqa.selenium.firefox.FirefoxDriver Capabilities [{platform=LINUX, acceptSslCerts=true, javascriptEnabled=true, browserName=firefox, rotatable=false, locationContextEnabled=true, version=17.0.1, cssSelectorsEnabled=true, databaseEnabled=true, handlesAlerts=true, browserConnectionEnabled=true, nativeEvents=false, webStorageEnabled=true, applicationCacheEnabled=true, takesScreenshot=true}]<br>
<br>
<code>org.openqa.selenium.NoSuchElementException: Unable to locate element: {"method":"xpath","selector":".//*[@id='pahistorytable']/tbody/tr[1]/td[9]/a"}<br/>Command duration or timeout: 30.06 seconds<br/>For documentation on this error, please visit: http://seleniumhq.org/exceptions/no_such_element.html<br/>Build info: version: 'unknown', revision: 'unknown', time: 'unknown'<br/>System info: os.name: 'Linux', os.arch: 'amd64', os.version: '3.2.0-24-generic', java.version: '1.6.0_26'<br/>Session ID: 2baebd79-aa68-4c71-beb5-796e2d4888c2<br/>Driver info: org.openqa.selenium.firefox.FirefoxDriver<br/>Capabilities [{platform=LINUX, acceptSslCerts=true, javascriptEnabled=true, browserName=firefox, rotatable=false, locationContextEnabled=true, version=17.0.1, cssSelectorsEnabled=true, databaseEnabled=true, handlesAlerts=true, browserConnectionEnabled=true, nativeEvents=false, webStorageEnabled=true, applicationCacheEnabled=true, takesScreenshot=true}]<br/>	at java.lang.reflect.Constructor.newInstance(Constructor.java:513)<br/>	at org.openqa.selenium.remote.ErrorHandler.createThrowable(ErrorHandler.java:187)<br/>	at org.openqa.selenium.remote.ErrorHandler.throwIfResponseFailed(ErrorHandler.java:145)<br/>	at org.openqa.selenium.remote.RemoteWebDriver.execute(RemoteWebDriver.java:533)<br/>	at org.openqa.selenium.remote.RemoteWebDriver.findElement(RemoteWebDriver.java:302)<br/>	at org.openqa.selenium.remote.RemoteWebDriver.findElementByXPath(RemoteWebDriver.java:387)<br/>	at org.openqa.selenium.By$ByXPath.findElement(By.java:344)<br/>	at org.openqa.selenium.remote.RemoteWebDriver.findElement(RemoteWebDriver.java:294)<br/>	at com.sigma.demo.TestCases.PriorApprovalTest.testDealerDetailsManage(PriorApprovalTest.java:413)<br/>Caused by: org.openqa.selenium.remote.ErrorHandler$UnknownServerException: Unable to locate element: {"method":"xpath","selector":".//*[@id='pahistorytable']/tbody/tr[1]/td[9]/a"}<br/>Build info: version: 'unknown', revision: 'unknown', time: 'unknown'<br/>System info: os.name: 'Linux', os.arch: 'amd64', os.version: '3.2.0-24-generic', java.version: '1.6.0_26'<br/>Driver info: driver.version: unknown<br/>	at <anonymous class>.FirefoxDriver.findElementInternal_(file:///tmp/anonymous5595394784109450218webdriver-profile/extensions/fxdriver@googlecode.com/components/driver_component.js:8251)<br/>	at <anonymous class>.fxdriver.Timer.setTimeout/<.notify(file:///tmp/anonymous5595394784109450218webdriver-profile/extensions/fxdriver@googlecode.com/components/driver_component.js:382)<br/></code></td><td>68.576</td>
</tr>
</table>
</body>
</html>
